# JRE version: OpenJDK Runtime Environment Microsoft-8035246 (17.0.8+7) (build 17.0.8+7-LTS)
# Java VM: OpenJDK 64-Bit Server VM Microsoft-8035246 (17.0.8+7-LTS, mixed mode, sharing, tiered, compressed oops, compressed class ptrs, g1 gc, windows-amd64)
GC Precious Log:
 CPUs: 8 total, 8 available
 Memory: 16026M
 Large Page Support: Disabled
 NUMA Support: Disabled
 Compressed Oops: Enabled (32-bit)
 Heap Region Size: 1M
 Heap Min Capacity: 8M
 Heap Initial Capacity: 252M
 Heap Max Capacity: 2G
 Pre-touch: Disabled
 Parallel Workers: 8
 Concurrent Workers: 2
 Concurrent Refinement Workers: 8
 Periodic GC: Disabled
Heap:
 garbage-first heap   total 324608K, used 226617K [0x0000000080000000, 0x0000000100000000)
  region size 1024K, 45 young (46080K), 1 survivors (1024K)
 Metaspace       used 108161K, committed 109248K, reserved 557056K
  class space    used 14850K, committed 15360K, reserved 425984K
GC Heap History (20 events):
Event: 48.118 GC heap before
{Heap before GC invocations=62 (full 0):
 garbage-first heap   total 215040K, used 186695K [0x0000000080000000, 0x0000000100000000)
  region size 1024K, 21 young (21504K), 2 survivors (2048K)
 Metaspace       used 105568K, committed 106624K, reserved 557056K
  class space    used 14680K, committed 15168K, reserved 425984K
}
Event: 48.123 GC heap after
{Heap after GC invocations=63 (full 0):
 garbage-first heap   total 215040K, used 169875K [0x0000000080000000, 0x0000000100000000)
  region size 1024K, 3 young (3072K), 3 survivors (3072K)
 Metaspace       used 105568K, committed 106624K, reserved 557056K
  class space    used 14680K, committed 15168K, reserved 425984K
}
Event: 48.459 GC heap before
{Heap before GC invocations=63 (full 0):
 garbage-first heap   total 215040K, used 185235K [0x0000000080000000, 0x0000000100000000)
  region size 1024K, 19 young (19456K), 3 survivors (3072K)
 Metaspace       used 106239K, committed 107264K, reserved 557056K
  class space    used 14738K, committed 15232K, reserved 425984K
}
Event: 48.467 GC heap after
{Heap after GC invocations=64 (full 0):
 garbage-first heap   total 215040K, used 173269K [0x0000000080000000, 0x0000000100000000)
  region size 1024K, 3 young (3072K), 3 survivors (3072K)
 Metaspace       used 106239K, committed 107264K, reserved 557056K
  class space    used 14738K, committed 15232K, reserved 425984K
}
Event: 48.929 GC heap before
{Heap before GC invocations=64 (full 0):
 garbage-first heap   total 215040K, used 190677K [0x0000000080000000, 0x0000000100000000)
  region size 1024K, 16 young (16384K), 3 survivors (3072K)
 Metaspace       used 107463K, committed 108544K, reserved 557056K
  class space    used 14803K, committed 15296K, reserved 425984K
}
Event: 48.933 GC heap after
{Heap after GC invocations=65 (full 0):
 garbage-first heap   total 215040K, used 174846K [0x0000000080000000, 0x0000000100000000)
  region size 1024K, 2 young (2048K), 2 survivors (2048K)
 Metaspace       used 107463K, committed 108544K, reserved 557056K
  class space    used 14803K, committed 15296K, reserved 425984K
}
Event: 49.195 GC heap before
{Heap before GC invocations=65 (full 0):
 garbage-first heap   total 215040K, used 186110K [0x0000000080000000, 0x0000000100000000)
  region size 1024K, 14 young (14336K), 2 survivors (2048K)
 Metaspace       used 107532K, committed 108608K, reserved 557056K
  class space    used 14804K, committed 15296K, reserved 425984K
}
Event: 49.198 GC heap after
{Heap after GC invocations=66 (full 0):
 garbage-first heap   total 215040K, used 175359K [0x0000000080000000, 0x0000000100000000)
  region size 1024K, 1 young (1024K), 1 survivors (1024K)
 Metaspace       used 107532K, committed 108608K, reserved 557056K
  class space    used 14804K, committed 15296K, reserved 425984K
}
Event: 49.619 GC heap before
{Heap before GC invocations=66 (full 0):
 garbage-first heap   total 215040K, used 186623K [0x0000000080000000, 0x0000000100000000)
  region size 1024K, 13 young (13312K), 1 survivors (1024K)
 Metaspace       used 107673K, committed 108736K, reserved 557056K
  class space    used 14809K, committed 15296K, reserved 425984K
}
Event: 49.622 GC heap after
{Heap after GC invocations=67 (full 0):
 garbage-first heap   total 215040K, used 175742K [0x0000000080000000, 0x0000000100000000)
  region size 1024K, 2 young (2048K), 2 survivors (2048K)
 Metaspace       used 107673K, committed 108736K, reserved 557056K
  class space    used 14809K, committed 15296K, reserved 425984K
}
Event: 49.843 GC heap before
{Heap before GC invocations=67 (full 0):
 garbage-first heap   total 215040K, used 188030K [0x0000000080000000, 0x0000000100000000)
  region size 1024K, 14 young (14336K), 2 survivors (2048K)
 Metaspace       used 107787K, committed 108864K, reserved 557056K
  class space    used 14813K, committed 15296K, reserved 425984K
}
Event: 49.845 GC heap after
{Heap after GC invocations=68 (full 0):
 garbage-first heap   total 215040K, used 176149K [0x0000000080000000, 0x0000000100000000)
  region size 1024K, 2 young (2048K), 2 survivors (2048K)
 Metaspace       used 107787K, committed 108864K, reserved 557056K
  class space    used 14813K, committed 15296K, reserved 425984K
}
Event: 50.009 GC heap before
{Heap before GC invocations=68 (full 0):
 garbage-first heap   total 215040K, used 187413K [0x0000000080000000, 0x0000000100000000)
  region size 1024K, 14 young (14336K), 2 survivors (2048K)
 Metaspace       used 108018K, committed 109120K, reserved 557056K
  class space    used 14850K, committed 15360K, reserved 425984K
}
Event: 50.014 GC heap after
{Heap after GC invocations=69 (full 0):
 garbage-first heap   total 215040K, used 179537K [0x0000000080000000, 0x0000000100000000)
  region size 1024K, 2 young (2048K), 2 survivors (2048K)
 Metaspace       used 108018K, committed 109120K, reserved 557056K
  class space    used 14850K, committed 15360K, reserved 425984K
}
Event: 50.052 GC heap before
{Heap before GC invocations=69 (full 0):
 garbage-first heap   total 215040K, used 186705K [0x0000000080000000, 0x0000000100000000)
  region size 1024K, 10 young (10240K), 2 survivors (2048K)
 Metaspace       used 108022K, committed 109120K, reserved 557056K
  class space    used 14850K, committed 15360K, reserved 425984K
}
Event: 50.056 GC heap after
{Heap after GC invocations=70 (full 0):
 garbage-first heap   total 215040K, used 181796K [0x0000000080000000, 0x0000000100000000)
  region size 1024K, 2 young (2048K), 2 survivors (2048K)
 Metaspace       used 108022K, committed 109120K, reserved 557056K
  class space    used 14850K, committed 15360K, reserved 425984K
}
Event: 50.172 GC heap before
{Heap before GC invocations=70 (full 0):
 garbage-first heap   total 215040K, used 188964K [0x0000000080000000, 0x0000000100000000)
  region size 1024K, 10 young (10240K), 2 survivors (2048K)
 Metaspace       used 108083K, committed 109184K, reserved 557056K
  class space    used 14850K, committed 15360K, reserved 425984K
}
Event: 50.176 GC heap after
{Heap after GC invocations=71 (full 0):
 garbage-first heap   total 215040K, used 182278K [0x0000000080000000, 0x0000000100000000)
  region size 1024K, 1 young (1024K), 1 survivors (1024K)
 Metaspace       used 108083K, committed 109184K, reserved 557056K
  class space    used 14850K, committed 15360K, reserved 425984K
}
Event: 50.297 GC heap before
{Heap before GC invocations=71 (full 0):
 garbage-first heap   total 215040K, used 190470K [0x0000000080000000, 0x0000000100000000)
  region size 1024K, 10 young (10240K), 1 survivors (1024K)
 Metaspace       used 108089K, committed 109184K, reserved 557056K
  class space    used 14850K, committed 15360K, reserved 425984K
}
Event: 50.300 GC heap after
{Heap after GC invocations=72 (full 0):
 garbage-first heap   total 299008K, used 182585K [0x0000000080000000, 0x0000000100000000)
  region size 1024K, 1 young (1024K), 1 survivors (1024K)
 Metaspace       used 108089K, committed 109184K, reserved 557056K
  class space    used 14850K, committed 15360K, reserved 425984K
}

